C:\Program Files (x86)\MSBuild\Microsoft.Cpp\v4.0\V140\Microsoft.CppBuild.targets(368,5): warning MSB8004: Output Directory does not end with a trailing slash.  This build instance will add the slash as it is required to allow proper evaluation of the Output Directory.
  dyjcrypt.c
C:\php-sdk\phpdev\vc14\x86\php-7.1.13\win32/ioutil.h(388): warning C4996: '_wfopen': This function or variable may be unsafe. Consider using _wfopen_s instead. To disable deprecation, use _CRT_SECURE_NO_WARNINGS. See online help for details.
  C:\Program Files (x86)\Windows Kits\10\Include\10.0.10240.0\ucrt\corecrt_wstdio.h(129): note: 参见“_wfopen”的声明
C:\php-sdk\phpdev\vc14\x86\php-7.1.13\win32/ioutil.h(495): warning C4018: “>”: 有符号/无符号不匹配
c:\php-sdk\phpdev\vc14\x86\php-7.1.13\ext\dyjcrypt\dyjcrypt\tool.h(74): warning C4101: “write_len”: 未引用的局部变量
c:\php-sdk\phpdev\vc14\x86\php-7.1.13\ext\dyjcrypt\dyjcrypt\tool.h(120): warning C4018: “>”: 有符号/无符号不匹配
c:\php-sdk\phpdev\vc14\x86\php-7.1.13\ext\dyjcrypt\dyjcrypt\tool.h(130): warning C4996: 'fileno': The POSIX name for this item is deprecated. Instead, use the ISO C and C++ conformant name: _fileno. See online help for details.
  C:\Program Files (x86)\Windows Kits\10\Include\10.0.10240.0\ucrt\stdio.h(2450): note: 参见“fileno”的声明
c:\php-sdk\phpdev\vc14\x86\php-7.1.13\ext\dyjcrypt\dyjcrypt\tool.h(151): warning C4996: 'close': The POSIX name for this item is deprecated. Instead, use the ISO C and C++ conformant name: _close. See online help for details.
  C:\Program Files (x86)\Windows Kits\10\Include\10.0.10240.0\ucrt\corecrt_io.h(457): note: 参见“close”的声明
c:\php-sdk\phpdev\vc14\x86\php-7.1.13\ext\dyjcrypt\dyjcrypt\tool.h(226): warning C4013: “time”未定义；假设外部返回 int
c:\php-sdk\phpdev\vc14\x86\php-7.1.13\ext\dyjcrypt\dyjcrypt\tool.h(230): warning C4013: “localtime”未定义；假设外部返回 int
c:\php-sdk\phpdev\vc14\x86\php-7.1.13\ext\dyjcrypt\dyjcrypt\tool.h(230): warning C4047: “=”:“tm *”与“int”的间接级别不同
c:\php-sdk\phpdev\vc14\x86\php-7.1.13\ext\dyjcrypt\dyjcrypt\tool.h(233): warning C4013: “strftime”未定义；假设外部返回 int
c:\php-sdk\phpdev\vc14\x86\php-7.1.13\ext\dyjcrypt\dyjcrypt\tool.h(237): warning C4026: 使用形参表声明的函数
c:\php-sdk\phpdev\vc14\x86\php-7.1.13\ext\dyjcrypt\dyjcrypt\tool.h(253): warning C4996: 'strcpy': This function or variable may be unsafe. Consider using strcpy_s instead. To disable deprecation, use _CRT_SECURE_NO_WARNINGS. See online help for details.
c:\php-sdk\phpdev\vc14\x86\php-7.1.13\ext\dyjcrypt\dyjcrypt\tool.h(255): warning C4996: 'strcat': This function or variable may be unsafe. Consider using strcat_s instead. To disable deprecation, use _CRT_SECURE_NO_WARNINGS. See online help for details.
c:\php-sdk\phpdev\vc14\x86\php-7.1.13\ext\dyjcrypt\dyjcrypt\tool.h(256): warning C4996: 'strcat': This function or variable may be unsafe. Consider using strcat_s instead. To disable deprecation, use _CRT_SECURE_NO_WARNINGS. See online help for details.
c:\php-sdk\phpdev\vc14\x86\php-7.1.13\ext\dyjcrypt\dyjcrypt\tool.h(266): warning C4996: 'strcat': This function or variable may be unsafe. Consider using strcat_s instead. To disable deprecation, use _CRT_SECURE_NO_WARNINGS. See online help for details.
c:\php-sdk\phpdev\vc14\x86\php-7.1.13\ext\dyjcrypt\dyjcrypt\tool.h(272): warning C4002: “ZVAL_STRING”宏的实参太多
c:\php-sdk\phpdev\vc14\x86\php-7.1.13\ext\dyjcrypt\dyjcrypt\tool.h(288): warning C4047: “初始化”:“char *”与“int”的间接级别不同
c:\php-sdk\phpdev\vc14\x86\php-7.1.13\ext\dyjcrypt\dyjcrypt\tool.h(314): warning C4002: “ZVAL_STRING”宏的实参太多
..\dyjcrypt.c(136): warning C4002: “RETURN_STRINGL”宏的实参太多
  cJSON.c
cJSON\cJSON.c(155): warning C4996: 'strcpy': This function or variable may be unsafe. Consider using strcpy_s instead. To disable deprecation, use _CRT_SECURE_NO_WARNINGS. See online help for details.
cJSON\cJSON.c(161): warning C4996: 'sprintf': This function or variable may be unsafe. Consider using sprintf_s instead. To disable deprecation, use _CRT_SECURE_NO_WARNINGS. See online help for details.
  C:\Program Files (x86)\Windows Kits\10\Include\10.0.10240.0\ucrt\stdio.h(1769): note: 参见“sprintf”的声明
cJSON\cJSON.c(169): warning C4996: 'sprintf': This function or variable may be unsafe. Consider using sprintf_s instead. To disable deprecation, use _CRT_SECURE_NO_WARNINGS. See online help for details.
  C:\Program Files (x86)\Windows Kits\10\Include\10.0.10240.0\ucrt\stdio.h(1769): note: 参见“sprintf”的声明
cJSON\cJSON.c(170): warning C4996: 'sprintf': This function or variable may be unsafe. Consider using sprintf_s instead. To disable deprecation, use _CRT_SECURE_NO_WARNINGS. See online help for details.
  C:\Program Files (x86)\Windows Kits\10\Include\10.0.10240.0\ucrt\stdio.h(1769): note: 参见“sprintf”的声明
cJSON\cJSON.c(171): warning C4996: 'sprintf': This function or variable may be unsafe. Consider using sprintf_s instead. To disable deprecation, use _CRT_SECURE_NO_WARNINGS. See online help for details.
  C:\Program Files (x86)\Windows Kits\10\Include\10.0.10240.0\ucrt\stdio.h(1769): note: 参见“sprintf”的声明
cJSON\cJSON.c(264): warning C4996: 'strcpy': This function or variable may be unsafe. Consider using strcpy_s instead. To disable deprecation, use _CRT_SECURE_NO_WARNINGS. See online help for details.
cJSON\cJSON.c(275): warning C4996: 'strcpy': This function or variable may be unsafe. Consider using strcpy_s instead. To disable deprecation, use _CRT_SECURE_NO_WARNINGS. See online help for details.
cJSON\cJSON.c(301): warning C4996: 'sprintf': This function or variable may be unsafe. Consider using sprintf_s instead. To disable deprecation, use _CRT_SECURE_NO_WARNINGS. See online help for details.
  C:\Program Files (x86)\Windows Kits\10\Include\10.0.10240.0\ucrt\stdio.h(1769): note: 参见“sprintf”的声明
cJSON\cJSON.c(380): warning C4996: 'strcpy': This function or variable may be unsafe. Consider using strcpy_s instead. To disable deprecation, use _CRT_SECURE_NO_WARNINGS. See online help for details.
cJSON\cJSON.c(381): warning C4996: 'strcpy': This function or variable may be unsafe. Consider using strcpy_s instead. To disable deprecation, use _CRT_SECURE_NO_WARNINGS. See online help for details.
cJSON\cJSON.c(382): warning C4996: 'strcpy': This function or variable may be unsafe. Consider using strcpy_s instead. To disable deprecation, use _CRT_SECURE_NO_WARNINGS. See online help for details.
cJSON\cJSON.c(449): warning C4996: 'strcpy': This function or variable may be unsafe. Consider using strcpy_s instead. To disable deprecation, use _CRT_SECURE_NO_WARNINGS. See online help for details.
cJSON\cJSON.c(647): warning C4996: 'strcpy': This function or variable may be unsafe. Consider using strcpy_s instead. To disable deprecation, use _CRT_SECURE_NO_WARNINGS. See online help for details.
    正在创建库 ..\Release\php_dyjcrypt_nts.lib 和对象 ..\Release\php_dyjcrypt_nts.exp
  正在生成代码
  All 39 functions were compiled because no usable IPDB/IOBJ from previous compilation was found.
  已完成代码的生成
  dyjcrypt.vcxproj -> C:\php-sdk\phpdev\vc14\x86\php-7.1.13\ext\dyjcrypt\dyjcrypt\..\Release\php_dyjcrypt_nts.dll
  dyjcrypt.vcxproj -> ..\Release\php_dyjcrypt_nts.pdb (Full PDB)
